Copyright 1986-2022 Xilinx, Inc. All Rights Reserved.
---------------------------------------------------------------------------------------------
| Tool Version : Vivado v.2022.2 (win64) Build 3671981 Fri Oct 14 05:00:03 MDT 2022
| Date         : Sat May 10 14:03:47 2025
| Host         : TommyGs-Laptop running 64-bit major release  (build 9200)
| Command      : report_clock_utilization -file mb_usb_hdmi_top_clock_utilization_routed.rpt
| Design       : mb_usb_hdmi_top
| Device       : 7s50-csga324
| Speed File   : -1  PRODUCTION 1.23 2018-06-13
| Design State : Routed
---------------------------------------------------------------------------------------------

Clock Utilization Report

Table of Contents
-----------------
1. Clock Primitive Utilization
2. Global Clock Resources
3. Global Clock Source Details
4. Local Clock Details
5. Clock Regions: Key Resource Utilization
6. Clock Regions : Global Clock Summary
7. Device Cell Placement Summary for Global Clock g0
8. Device Cell Placement Summary for Global Clock g1
9. Device Cell Placement Summary for Global Clock g2
10. Device Cell Placement Summary for Global Clock g3
11. Device Cell Placement Summary for Global Clock g4
12. Device Cell Placement Summary for Global Clock g5
13. Device Cell Placement Summary for Global Clock g6
14. Device Cell Placement Summary for Global Clock g7
15. Device Cell Placement Summary for Global Clock g8
16. Device Cell Placement Summary for Global Clock g9
17. Device Cell Placement Summary for Global Clock g10
18. Clock Region Cell Placement per Global Clock: Region X0Y0
19. Clock Region Cell Placement per Global Clock: Region X1Y0
20. Clock Region Cell Placement per Global Clock: Region X0Y1
21. Clock Region Cell Placement per Global Clock: Region X1Y1
22. Clock Region Cell Placement per Global Clock: Region X0Y2

1. Clock Primitive Utilization
------------------------------

+----------+------+-----------+-----+--------------+--------+
| Type     | Used | Available | LOC | Clock Region | Pblock |
+----------+------+-----------+-----+--------------+--------+
| BUFGCTRL |   10 |        32 |   0 |            0 |      0 |
| BUFH     |    1 |        72 |   0 |            0 |      0 |
| BUFIO    |    0 |        20 |   0 |            0 |      0 |
| BUFMR    |    0 |        10 |   0 |            0 |      0 |
| BUFR     |    0 |        20 |   0 |            0 |      0 |
| MMCM     |    3 |         5 |   1 |            0 |      0 |
| PLL      |    1 |         5 |   1 |            0 |      0 |
+----------+------+-----------+-----+--------------+--------+


2. Global Clock Resources
-------------------------

+-----------+-----------+-----------------+------------+----------------+--------------+-------------------+-------------+-----------------+--------------+------------------------------------------------------------+-----------------------------------------------------------------------------+----------------------------------------------------------------------------+
| Global Id | Source Id | Driver Type/Pin | Constraint | Site           | Clock Region | Load Clock Region | Clock Loads | Non-Clock Loads | Clock Period | Clock                                                      | Driver Pin                                                                  | Net                                                                        |
+-----------+-----------+-----------------+------------+----------------+--------------+-------------------+-------------+-----------------+--------------+------------------------------------------------------------+-----------------------------------------------------------------------------+----------------------------------------------------------------------------+
| g0        | src0      | BUFG/O          | None       | BUFGCTRL_X0Y0  | n/a          |                 4 |        3266 |               0 |        6.000 | clk_pll_i                                                  | u_mig_7series_0/u_mig_7series_0_mig/u_ddr3_infrastructure/u_bufg_clkdiv0/O  | u_mig_7series_0/u_mig_7series_0_mig/u_ddr3_infrastructure/CLK              |
| g1        | src1      | BUFG/O          | None       | BUFGCTRL_X0Y16 | n/a          |                 4 |        2790 |               0 |       10.000 | clk_out1_mb_block_clk_wiz_1_0                              | mb_block_i/clk_wiz_1/inst/clkout1_buf/O                                     | mb_block_i/clk_wiz_1/inst/clk_out1                                         |
| g2        | src2      | BUFGCTRL/O      | None       | BUFGCTRL_X0Y4  | n/a          |                 3 |         233 |               0 |       33.333 | mb_block_i/mdm_1/U0/Use_E2.BSCAN_I/Use_E2.BSCANE2_I/DRCK   | mb_block_i/mdm_1/U0/No_Dbg_Reg_Access.BUFG_DRCK/Using_FPGA.Native/O         | mb_block_i/mdm_1/U0/No_Dbg_Reg_Access.BUFG_DRCK/Dbg_Clk_0                  |
| g2        | src3      | BUFGCTRL/O      | None       | BUFGCTRL_X0Y4  | n/a          |                 3 |         233 |               0 |       33.333 | mb_block_i/mdm_1/U0/Use_E2.BSCAN_I/Use_E2.BSCANE2_I/DRCK   | mb_block_i/mdm_1/U0/No_Dbg_Reg_Access.BUFG_DRCK/Using_FPGA.Native/O         | mb_block_i/mdm_1/U0/No_Dbg_Reg_Access.BUFG_DRCK/Dbg_Clk_0                  |
| g3        | src4      | BUFG/O          | None       | BUFGCTRL_X0Y1  | n/a          |                 1 |         153 |               0 |       40.000 | clk_out1_clk_wiz_0_2                                       | mb_block_i/hdmi_text_controller_0/inst/clk_wiz/inst/clkout1_buf/O           | mb_block_i/hdmi_text_controller_0/inst/clk_wiz/inst/clk_out1               |
| g4        | src5      | BUFG/O          | None       | BUFGCTRL_X0Y2  | n/a          |                 4 |         129 |               0 |       10.000 | clk_ref_i                                                  | clk_ref_i_IBUF_BUFG_inst/O                                                  | clk_ref_i_IBUF_BUFG                                                        |
| g5        | src6      | BUFG/O          | None       | BUFGCTRL_X0Y5  | n/a          |                 1 |          39 |               1 |       33.333 | mb_block_i/mdm_1/U0/Use_E2.BSCAN_I/Use_E2.BSCANE2_I/UPDATE | mb_block_i/mdm_1/U0/Use_E2.BSCAN_I/Dbg_Update_0_BUFG_inst/O                 | mb_block_i/mdm_1/U0/Use_E2.BSCAN_I/Dbg_Update_0_BUFG                       |
| g6        | src7      | BUFG/O          | None       | BUFGCTRL_X0Y6  | n/a          |                 3 |          28 |               0 |       13.333 | clk_out3_clk_wiz_0_1                                       | mb_block_i/hdmi_text_controller_0/inst/clk_wiz/inst/clkout3_buf/O           | mb_block_i/hdmi_text_controller_0/inst/clk_wiz/inst/clk_out3               |
| g7        | src8      | BUFG/O          | None       | BUFGCTRL_X0Y3  | n/a          |                 1 |           8 |               0 |        8.000 | clk_out2_clk_wiz_0_2                                       | mb_block_i/hdmi_text_controller_0/inst/clk_wiz/inst/clkout2_buf/O           | mb_block_i/hdmi_text_controller_0/inst/clk_wiz/inst/clk_out2               |
| g8        | src9      | BUFG/O          | None       | BUFGCTRL_X0Y17 | n/a          |                 1 |           1 |               0 |       10.000 | clkfbout_mb_block_clk_wiz_1_0                              | mb_block_i/clk_wiz_1/inst/clkf_buf/O                                        | mb_block_i/clk_wiz_1/inst/clkfbout_buf_mb_block_clk_wiz_1_0                |
| g9        | src10     | BUFG/O          | None       | BUFGCTRL_X0Y7  | n/a          |                 1 |           1 |               0 |       10.000 | clkfbout_clk_wiz_0_2                                       | mb_block_i/hdmi_text_controller_0/inst/clk_wiz/inst/clkf_buf/O              | mb_block_i/hdmi_text_controller_0/inst/clk_wiz/inst/clkfbout_buf_clk_wiz_0 |
| g10       | src11     | BUFH/O          | None       | BUFHCE_X1Y0    | X1Y0         |                 1 |           1 |               0 |        6.000 | pll_clk3_out                                               | u_mig_7series_0/u_mig_7series_0_mig/u_ddr3_infrastructure/u_bufh_pll_clk3/O | u_mig_7series_0/u_mig_7series_0_mig/u_ddr3_infrastructure/pll_clk3         |
+-----------+-----------+-----------------+------------+----------------+--------------+-------------------+-------------+-----------------+--------------+------------------------------------------------------------+-----------------------------------------------------------------------------+----------------------------------------------------------------------------+
* Clock Loads column represents cell count of net connects that connect to a clock pin. Internal cell leaf pins are not considered
** Non-Clock Loads column represents cell count of non-clock pin loads


3. Global Clock Source Details
------------------------------

+-----------+-----------+---------------------+-----------------+-----------------+--------------+-------------+-----------------+---------------------+------------------------------------------------------------+------------------------------------------------------------------------------------+------------------------------------------------------------------------+
| Source Id | Global Id | Driver Type/Pin     | Constraint      | Site            | Clock Region | Clock Loads | Non-Clock Loads | Source Clock Period | Source Clock                                               | Driver Pin                                                                         | Net                                                                    |
+-----------+-----------+---------------------+-----------------+-----------------+--------------+-------------+-----------------+---------------------+------------------------------------------------------------+------------------------------------------------------------------------------------+------------------------------------------------------------------------+
| src0      | g0        | MMCME2_ADV/CLKFBOUT | MMCME2_ADV_X1Y0 | MMCME2_ADV_X1Y0 | X1Y0         |           1 |               0 |               6.000 | clk_pll_i                                                  | u_mig_7series_0/u_mig_7series_0_mig/u_ddr3_infrastructure/gen_mmcm.mmcm_i/CLKFBOUT | u_mig_7series_0/u_mig_7series_0_mig/u_ddr3_infrastructure/clk_pll_i    |
| src1      | g1        | MMCME2_ADV/CLKOUT0  | None            | MMCME2_ADV_X0Y2 | X0Y2         |           1 |               0 |              10.000 | clk_out1_mb_block_clk_wiz_1_0                              | mb_block_i/clk_wiz_1/inst/mmcm_adv_inst/CLKOUT0                                    | mb_block_i/clk_wiz_1/inst/clk_out1_mb_block_clk_wiz_1_0                |
| src2      | g2        | BSCANE2/DRCK        | None            | BSCAN_X0Y1      | X0Y0         |           1 |               0 |              33.333 | mb_block_i/mdm_1/U0/Use_E2.BSCAN_I/Use_E2.BSCANE2_I/DRCK   | mb_block_i/mdm_1/U0/Use_E2.BSCAN_I/Use_E2.BSCANE2_I/DRCK                           | mb_block_i/mdm_1/U0/Use_E2.BSCAN_I/DRCK                                |
| src3      | g2        | VCC/P               | None            |                 | n/a          |           0 |               0 |                     |                                                            | mb_block_i/mdm_1/U0/No_Dbg_Reg_Access.BUFG_DRCK/VCC_1/P                            | mb_block_i/mdm_1/U0/No_Dbg_Reg_Access.BUFG_DRCK/VCC_2                  |
| src4      | g3        | MMCME2_ADV/CLKOUT0  | None            | MMCME2_ADV_X0Y0 | X0Y0         |           1 |               0 |              40.000 | clk_out1_clk_wiz_0_2                                       | mb_block_i/hdmi_text_controller_0/inst/clk_wiz/inst/mmcm_adv_inst/CLKOUT0          | mb_block_i/hdmi_text_controller_0/inst/clk_wiz/inst/clk_out1_clk_wiz_0 |
| src5      | g4        | IBUF/O              | IOB_X0Y26       | IOB_X0Y26       | X0Y0         |           1 |               0 |              10.000 | clk_ref_i                                                  | clk_ref_i_IBUF_inst/O                                                              | clk_ref_i_IBUF                                                         |
| src6      | g5        | BSCANE2/UPDATE      | None            | BSCAN_X0Y1      | X0Y0         |           1 |               0 |              33.333 | mb_block_i/mdm_1/U0/Use_E2.BSCAN_I/Use_E2.BSCANE2_I/UPDATE | mb_block_i/mdm_1/U0/Use_E2.BSCAN_I/Use_E2.BSCANE2_I/UPDATE                         | mb_block_i/mdm_1/U0/Use_E2.BSCAN_I/Dbg_Update_0                        |
| src7      | g6        | MMCME2_ADV/CLKOUT2  | None            | MMCME2_ADV_X0Y0 | X0Y0         |           1 |               0 |              13.333 | clk_out3_clk_wiz_0_1                                       | mb_block_i/hdmi_text_controller_0/inst/clk_wiz/inst/mmcm_adv_inst/CLKOUT2          | mb_block_i/hdmi_text_controller_0/inst/clk_wiz/inst/clk_out3_clk_wiz_0 |
| src8      | g7        | MMCME2_ADV/CLKOUT1  | None            | MMCME2_ADV_X0Y0 | X0Y0         |           1 |               0 |               8.000 | clk_out2_clk_wiz_0_2                                       | mb_block_i/hdmi_text_controller_0/inst/clk_wiz/inst/mmcm_adv_inst/CLKOUT1          | mb_block_i/hdmi_text_controller_0/inst/clk_wiz/inst/clk_out2_clk_wiz_0 |
| src9      | g8        | MMCME2_ADV/CLKFBOUT | None            | MMCME2_ADV_X0Y2 | X0Y2         |           1 |               0 |              10.000 | clkfbout_mb_block_clk_wiz_1_0                              | mb_block_i/clk_wiz_1/inst/mmcm_adv_inst/CLKFBOUT                                   | mb_block_i/clk_wiz_1/inst/clkfbout_mb_block_clk_wiz_1_0                |
| src10     | g9        | MMCME2_ADV/CLKFBOUT | None            | MMCME2_ADV_X0Y0 | X0Y0         |           1 |               0 |              10.000 | clkfbout_clk_wiz_0_2                                       | mb_block_i/hdmi_text_controller_0/inst/clk_wiz/inst/mmcm_adv_inst/CLKFBOUT         | mb_block_i/hdmi_text_controller_0/inst/clk_wiz/inst/clkfbout_clk_wiz_0 |
| src11     | g10       | PLLE2_ADV/CLKOUT3   | PLLE2_ADV_X1Y0  | PLLE2_ADV_X1Y0  | X1Y0         |           1 |               0 |               6.000 | pll_clk3_out                                               | u_mig_7series_0/u_mig_7series_0_mig/u_ddr3_infrastructure/plle2_i/CLKOUT3          | u_mig_7series_0/u_mig_7series_0_mig/u_ddr3_infrastructure/pll_clk3_out |
+-----------+-----------+---------------------+-----------------+-----------------+--------------+-------------+-----------------+---------------------+------------------------------------------------------------+------------------------------------------------------------------------------------+------------------------------------------------------------------------+
* Clock Loads column represents cell count of net connects that connect to a clock pin. Internal cell leaf pins are not considered
** Non-Clock Loads column represents cell count of non-clock pin loads


4. Local Clock Details
----------------------

+----------+----------------------------+---------------------+------------------------------------+--------------+-------------+-----------------+--------------+---------------+----------------------------------------------------------------------------------------------------------------------------------------------------------------------------------------------------------+-------------------------------------------------------------------------------------------------------------------------------------------------------------------------------------------------------+
| Local Id | Driver Type/Pin            | Constraint          | Site/BEL                           | Clock Region | Clock Loads | Non-Clock Loads | Clock Period | Clock         | Driver Pin                                                                                                                                                                                               | Net                                                                                                                                                                                                   |
+----------+----------------------------+---------------------+------------------------------------+--------------+-------------+-----------------+--------------+---------------+----------------------------------------------------------------------------------------------------------------------------------------------------------------------------------------------------------+-------------------------------------------------------------------------------------------------------------------------------------------------------------------------------------------------------+
| 0        | PLLE2_ADV/CLKOUT0          | PLLE2_ADV_X1Y0      | PLLE2_ADV_X1Y0/PLLE2_ADV           | X1Y0         |           5 |               2 |        1.500 | freq_refclk   | u_mig_7series_0/u_mig_7series_0_mig/u_ddr3_infrastructure/plle2_i/CLKOUT0                                                                                                                                | u_mig_7series_0/u_mig_7series_0_mig/u_ddr3_infrastructure/freq_refclk                                                                                                                                 |
| 1        | PHASER_OUT_PHY/OCLKDELAYED | PHASER_OUT_PHY_X1Y2 | PHASER_OUT_PHY_X1Y2/PHASER_OUT_PHY | X1Y0         |           2 |               0 |        3.000 | oserdes_clk_2 | u_mig_7series_0/u_mig_7series_0_mig/u_memc_ui_top_std/mem_intfc0/ddr_phy_top0/u_ddr_mc_phy_wrapper/u_ddr_mc_phy/ddr_phy_4lanes_0.u_ddr_phy_4lanes/ddr_byte_lane_C.ddr_byte_lane_C/phaser_out/OCLKDELAYED | u_mig_7series_0/u_mig_7series_0_mig/u_memc_ui_top_std/mem_intfc0/ddr_phy_top0/u_ddr_mc_phy_wrapper/u_ddr_mc_phy/ddr_phy_4lanes_0.u_ddr_phy_4lanes/ddr_byte_lane_C.ddr_byte_lane_C/oserdes_clk_delayed |
| 2        | PHASER_OUT_PHY/OCLKDELAYED | PHASER_OUT_PHY_X1Y3 | PHASER_OUT_PHY_X1Y3/PHASER_OUT_PHY | X1Y0         |           2 |               0 |        3.000 | oserdes_clk_3 | u_mig_7series_0/u_mig_7series_0_mig/u_memc_ui_top_std/mem_intfc0/ddr_phy_top0/u_ddr_mc_phy_wrapper/u_ddr_mc_phy/ddr_phy_4lanes_0.u_ddr_phy_4lanes/ddr_byte_lane_D.ddr_byte_lane_D/phaser_out/OCLKDELAYED | u_mig_7series_0/u_mig_7series_0_mig/u_memc_ui_top_std/mem_intfc0/ddr_phy_top0/u_ddr_mc_phy_wrapper/u_ddr_mc_phy/ddr_phy_4lanes_0.u_ddr_phy_4lanes/ddr_byte_lane_D.ddr_byte_lane_D/oserdes_clk_delayed |
| 3        | PLLE2_ADV/CLKOUT1          | PLLE2_ADV_X1Y0      | PLLE2_ADV_X1Y0/PLLE2_ADV           | X1Y0         |           1 |               6 |        3.000 | mem_refclk    | u_mig_7series_0/u_mig_7series_0_mig/u_ddr3_infrastructure/plle2_i/CLKOUT1                                                                                                                                | u_mig_7series_0/u_mig_7series_0_mig/u_ddr3_infrastructure/mem_refclk                                                                                                                                  |
+----------+----------------------------+---------------------+------------------------------------+--------------+-------------+-----------------+--------------+---------------+----------------------------------------------------------------------------------------------------------------------------------------------------------------------------------------------------------+-------------------------------------------------------------------------------------------------------------------------------------------------------------------------------------------------------+
* Local Clocks in this context represents only clocks driven by non-global buffers
** Clock Loads column represents cell count of net connects that connect to a clock pin. Internal cell leaf pins are not considered
*** Non-Clock Loads column represents cell count of non-clock pin loads


5. Clock Regions: Key Resource Utilization
------------------------------------------

+-------------------+--------------+--------------+--------------+--------------+--------------+--------------+--------------+--------------+--------------+--------------+--------------+--------------+--------------+--------------+--------------+
|                   | Global Clock |     BUFRs    |    BUFMRs    |    BUFIOs    |     MMCM     |      PLL     |      GT      |      PCI     |    ILOGIC    |    OLOGIC    |      FF      |     LUTM     |    RAMB18    |    RAMB36    |    DSP48E2   |
+-------------------+------+-------+------+-------+------+-------+------+-------+------+-------+------+-------+------+-------+------+-------+------+-------+------+-------+------+-------+------+-------+------+-------+------+-------+------+-------+
| Clock Region Name | Used | Avail | Used | Avail | Used | Avail | Used | Avail | Used | Avail | Used | Avail | Used | Avail | Used | Avail | Used | Avail | Used | Avail | Used | Avail | Used | Avail | Used | Avail | Used | Avail | Used | Avail |
+-------------------+------+-------+------+-------+------+-------+------+-------+------+-------+------+-------+------+-------+------+-------+------+-------+------+-------+------+-------+------+-------+------+-------+------+-------+------+-------+
| X0Y0              |    8 |    12 |    0 |     4 |    0 |     2 |    0 |     4 |    1 |     1 |    0 |     1 |    0 |     0 |    0 |     0 |    1 |    50 |    9 |    50 | 1961 |  1200 |  687 |   400 |    0 |    20 |   10 |    10 |    0 |    20 |
| X1Y0              |    6 |    12 |    0 |     4 |    0 |     2 |    0 |     4 |    1 |     1 |    0 |     1 |    0 |     0 |    0 |     0 |    0 |    50 |    4 |    50 | 3025 |  1500 |  873 |   450 |    0 |    40 |   20 |    20 |    3 |    20 |
| X0Y1              |    5 |    12 |    0 |     4 |    0 |     2 |    0 |     4 |    0 |     1 |    0 |     1 |    0 |     0 |    0 |     0 |    0 |    50 |    0 |    50 |  272 |  1200 |   73 |   400 |    0 |    20 |    5 |    10 |    0 |    20 |
| X1Y1              |    3 |    12 |    0 |     4 |    0 |     2 |    0 |     4 |    0 |     1 |    0 |     1 |    0 |     0 |    0 |     0 |    0 |    50 |    0 |    50 |  961 |  1500 |  302 |   450 |    0 |    40 |   14 |    20 |    0 |    20 |
| X0Y2              |    2 |    12 |    0 |     4 |    0 |     2 |    0 |     4 |    1 |     1 |    0 |     1 |    0 |     0 |    0 |     0 |    0 |    50 |    0 |    50 |    0 |  1800 |    0 |   400 |    0 |    20 |    0 |    10 |    0 |    20 |
| X1Y2              |    0 |    12 |    0 |     0 |    0 |     0 |    0 |     0 |    0 |     0 |    0 |     0 |    0 |     4 |    0 |     1 |    0 |     0 |    0 |     0 |    0 |   950 |    0 |   300 |    0 |    10 |    0 |     5 |    0 |    20 |
+-------------------+------+-------+------+-------+------+-------+------+-------+------+-------+------+-------+------+-------+------+-------+------+-------+------+-------+------+-------+------+-------+------+-------+------+-------+------+-------+
* Global Clock column represents track count; while other columns represents cell counts


6. Clock Regions : Global Clock Summary
---------------------------------------

All Modules
+----+----+----+
|    | X0 | X1 |
+----+----+----+
| Y2 |  2 |  0 |
| Y1 |  5 |  3 |
| Y0 |  8 |  6 |
+----+----+----+


7. Device Cell Placement Summary for Global Clock g0
----------------------------------------------------

+-----------+-----------------+-------------------+-----------+-------------+---------------+-------------+----------+----------------+----------+---------------------------------------------------------------+
| Global Id | Driver Type/Pin | Driver Region (D) | Clock     | Period (ns) | Waveform (ns) | Slice Loads | IO Loads | Clocking Loads | GT Loads | Net                                                           |
+-----------+-----------------+-------------------+-----------+-------------+---------------+-------------+----------+----------------+----------+---------------------------------------------------------------+
| g0        | BUFG/O          | n/a               | clk_pll_i |       6.000 | {0.000 3.000} |        3190 |        0 |              1 |        0 | u_mig_7series_0/u_mig_7series_0_mig/u_ddr3_infrastructure/CLK |
+-----------+-----------------+-------------------+-----------+-------------+---------------+-------------+----------+----------------+----------+---------------------------------------------------------------+
* Slice Loads column represents load cell count of all cell types other than IO, GT and clock resources
** IO Loads column represents load cell count of IO types
*** Clocking Loads column represents load cell count that are clock resources (global clock buffer, MMCM, PLL, etc)
**** GT Loads column represents load cell count of GT types


+----+------+-------+-----------------------+
|    | X0   | X1    | HORIZONTAL PROG DELAY |
+----+------+-------+-----------------------+
| Y2 |    0 |     0 |                     - |
| Y1 |  221 |   945 |                     0 |
| Y0 |   70 |  1955 |                     0 |
+----+------+-------+-----------------------+


8. Device Cell Placement Summary for Global Clock g1
----------------------------------------------------

+-----------+-----------------+-------------------+-------------------------------+-------------+---------------+-------------+----------+----------------+----------+------------------------------------+
| Global Id | Driver Type/Pin | Driver Region (D) | Clock                         | Period (ns) | Waveform (ns) | Slice Loads | IO Loads | Clocking Loads | GT Loads | Net                                |
+-----------+-----------------+-------------------+-------------------------------+-------------+---------------+-------------+----------+----------------+----------+------------------------------------+
| g1        | BUFG/O          | n/a               | clk_out1_mb_block_clk_wiz_1_0 |      10.000 | {0.000 5.000} |        2687 |        0 |              1 |        0 | mb_block_i/clk_wiz_1/inst/clk_out1 |
+-----------+-----------------+-------------------+-------------------------------+-------------+---------------+-------------+----------+----------------+----------+------------------------------------+
* Slice Loads column represents load cell count of all cell types other than IO, GT and clock resources
** IO Loads column represents load cell count of IO types
*** Clocking Loads column represents load cell count that are clock resources (global clock buffer, MMCM, PLL, etc)
**** GT Loads column represents load cell count of GT types


+----+-------+-------+-----------------------+
|    | X0    | X1    | HORIZONTAL PROG DELAY |
+----+-------+-------+-----------------------+
| Y2 |     0 |     0 |                     - |
| Y1 |     3 |    15 |                     0 |
| Y0 |  1590 |  1080 |                     0 |
+----+-------+-------+-----------------------+


9. Device Cell Placement Summary for Global Clock g2
----------------------------------------------------

+-----------+-----------------+-------------------+----------------------------------------------------------+-------------+----------------+-------------+----------+----------------+----------+-----------------------------------------------------------+
| Global Id | Driver Type/Pin | Driver Region (D) | Clock                                                    | Period (ns) | Waveform (ns)  | Slice Loads | IO Loads | Clocking Loads | GT Loads | Net                                                       |
+-----------+-----------------+-------------------+----------------------------------------------------------+-------------+----------------+-------------+----------+----------------+----------+-----------------------------------------------------------+
| g2        | BUFGCTRL/O      | n/a               | mb_block_i/mdm_1/U0/Use_E2.BSCAN_I/Use_E2.BSCANE2_I/DRCK |      33.333 | {0.000 16.667} |         233 |        0 |              0 |        0 | mb_block_i/mdm_1/U0/No_Dbg_Reg_Access.BUFG_DRCK/Dbg_Clk_0 |
+-----------+-----------------+-------------------+----------------------------------------------------------+-------------+----------------+-------------+----------+----------------+----------+-----------------------------------------------------------+
* Slice Loads column represents load cell count of all cell types other than IO, GT and clock resources
** IO Loads column represents load cell count of IO types
*** Clocking Loads column represents load cell count that are clock resources (global clock buffer, MMCM, PLL, etc)
**** GT Loads column represents load cell count of GT types


+----+------+-----+-----------------------+
|    | X0   | X1  | HORIZONTAL PROG DELAY |
+----+------+-----+-----------------------+
| Y2 |    0 |   0 |                     - |
| Y1 |    3 |   0 |                     0 |
| Y0 |  176 |  54 |                     0 |
+----+------+-----+-----------------------+


10. Device Cell Placement Summary for Global Clock g3
-----------------------------------------------------

+-----------+-----------------+-------------------+----------------------+-------------+----------------+-------------+----------+----------------+----------+--------------------------------------------------------------+
| Global Id | Driver Type/Pin | Driver Region (D) | Clock                | Period (ns) | Waveform (ns)  | Slice Loads | IO Loads | Clocking Loads | GT Loads | Net                                                          |
+-----------+-----------------+-------------------+----------------------+-------------+----------------+-------------+----------+----------------+----------+--------------------------------------------------------------+
| g3        | BUFG/O          | n/a               | clk_out1_clk_wiz_0_2 |      40.000 | {0.000 20.000} |         145 |        8 |              0 |        0 | mb_block_i/hdmi_text_controller_0/inst/clk_wiz/inst/clk_out1 |
+-----------+-----------------+-------------------+----------------------+-------------+----------------+-------------+----------+----------------+----------+--------------------------------------------------------------+
* Slice Loads column represents load cell count of all cell types other than IO, GT and clock resources
** IO Loads column represents load cell count of IO types
*** Clocking Loads column represents load cell count that are clock resources (global clock buffer, MMCM, PLL, etc)
**** GT Loads column represents load cell count of GT types


+----+------+----+-----------------------+
|    | X0   | X1 | HORIZONTAL PROG DELAY |
+----+------+----+-----------------------+
| Y2 |    0 |  0 |                     - |
| Y1 |    0 |  0 |                     - |
| Y0 |  153 |  0 |                     0 |
+----+------+----+-----------------------+


11. Device Cell Placement Summary for Global Clock g4
-----------------------------------------------------

+-----------+-----------------+-------------------+-----------+-------------+---------------+-------------+----------+----------------+----------+---------------------+
| Global Id | Driver Type/Pin | Driver Region (D) | Clock     | Period (ns) | Waveform (ns) | Slice Loads | IO Loads | Clocking Loads | GT Loads | Net                 |
+-----------+-----------------+-------------------+-----------+-------------+---------------+-------------+----------+----------------+----------+---------------------+
| g4        | BUFG/O          | n/a               | clk_ref_i |      10.000 | {0.000 5.000} |         128 |        0 |              1 |        0 | clk_ref_i_IBUF_BUFG |
+-----------+-----------------+-------------------+-----------+-------------+---------------+-------------+----------+----------------+----------+---------------------+
* Slice Loads column represents load cell count of all cell types other than IO, GT and clock resources
** IO Loads column represents load cell count of IO types
*** Clocking Loads column represents load cell count that are clock resources (global clock buffer, MMCM, PLL, etc)
**** GT Loads column represents load cell count of GT types


+----+-----+-----+-----------------------+
|    | X0  | X1  | HORIZONTAL PROG DELAY |
+----+-----+-----+-----------------------+
| Y2 |   1 |   0 |                     0 |
| Y1 |  46 |  15 |                     0 |
| Y0 |   0 |  67 |                     0 |
+----+-----+-----+-----------------------+


12. Device Cell Placement Summary for Global Clock g5
-----------------------------------------------------

+-----------+-----------------+-------------------+------------------------------------------------------------+-------------+----------------+-------------+----------+----------------+----------+------------------------------------------------------+
| Global Id | Driver Type/Pin | Driver Region (D) | Clock                                                      | Period (ns) | Waveform (ns)  | Slice Loads | IO Loads | Clocking Loads | GT Loads | Net                                                  |
+-----------+-----------------+-------------------+------------------------------------------------------------+-------------+----------------+-------------+----------+----------------+----------+------------------------------------------------------+
| g5        | BUFG/O          | n/a               | mb_block_i/mdm_1/U0/Use_E2.BSCAN_I/Use_E2.BSCANE2_I/UPDATE |      33.333 | {0.000 16.667} |          40 |        0 |              0 |        0 | mb_block_i/mdm_1/U0/Use_E2.BSCAN_I/Dbg_Update_0_BUFG |
+-----------+-----------------+-------------------+------------------------------------------------------------+-------------+----------------+-------------+----------+----------------+----------+------------------------------------------------------+
* Slice Loads column represents load cell count of all cell types other than IO, GT and clock resources
** IO Loads column represents load cell count of IO types
*** Clocking Loads column represents load cell count that are clock resources (global clock buffer, MMCM, PLL, etc)
**** GT Loads column represents load cell count of GT types


+----+-----+----+-----------------------+
|    | X0  | X1 | HORIZONTAL PROG DELAY |
+----+-----+----+-----------------------+
| Y2 |   0 |  0 |                     - |
| Y1 |   0 |  0 |                     - |
| Y0 |  40 |  0 |                     0 |
+----+-----+----+-----------------------+


13. Device Cell Placement Summary for Global Clock g6
-----------------------------------------------------

+-----------+-----------------+-------------------+----------------------+-------------+---------------+-------------+----------+----------------+----------+--------------------------------------------------------------+
| Global Id | Driver Type/Pin | Driver Region (D) | Clock                | Period (ns) | Waveform (ns) | Slice Loads | IO Loads | Clocking Loads | GT Loads | Net                                                          |
+-----------+-----------------+-------------------+----------------------+-------------+---------------+-------------+----------+----------------+----------+--------------------------------------------------------------+
| g6        | BUFG/O          | n/a               | clk_out3_clk_wiz_0_1 |      13.333 | {0.000 6.667} |          28 |        0 |              0 |        0 | mb_block_i/hdmi_text_controller_0/inst/clk_wiz/inst/clk_out3 |
+-----------+-----------------+-------------------+----------------------+-------------+---------------+-------------+----------+----------------+----------+--------------------------------------------------------------+
* Slice Loads column represents load cell count of all cell types other than IO, GT and clock resources
** IO Loads column represents load cell count of IO types
*** Clocking Loads column represents load cell count that are clock resources (global clock buffer, MMCM, PLL, etc)
**** GT Loads column represents load cell count of GT types


+----+-----+----+-----------------------+
|    | X0  | X1 | HORIZONTAL PROG DELAY |
+----+-----+----+-----------------------+
| Y2 |   0 |  0 |                     - |
| Y1 |   5 |  0 |                     0 |
| Y0 |  19 |  4 |                     0 |
+----+-----+----+-----------------------+


14. Device Cell Placement Summary for Global Clock g7
-----------------------------------------------------

+-----------+-----------------+-------------------+----------------------+-------------+---------------+-------------+----------+----------------+----------+--------------------------------------------------------------+
| Global Id | Driver Type/Pin | Driver Region (D) | Clock                | Period (ns) | Waveform (ns) | Slice Loads | IO Loads | Clocking Loads | GT Loads | Net                                                          |
+-----------+-----------------+-------------------+----------------------+-------------+---------------+-------------+----------+----------------+----------+--------------------------------------------------------------+
| g7        | BUFG/O          | n/a               | clk_out2_clk_wiz_0_2 |       8.000 | {0.000 4.000} |           0 |        8 |              0 |        0 | mb_block_i/hdmi_text_controller_0/inst/clk_wiz/inst/clk_out2 |
+-----------+-----------------+-------------------+----------------------+-------------+---------------+-------------+----------+----------------+----------+--------------------------------------------------------------+
* Slice Loads column represents load cell count of all cell types other than IO, GT and clock resources
** IO Loads column represents load cell count of IO types
*** Clocking Loads column represents load cell count that are clock resources (global clock buffer, MMCM, PLL, etc)
**** GT Loads column represents load cell count of GT types


+----+----+----+-----------------------+
|    | X0 | X1 | HORIZONTAL PROG DELAY |
+----+----+----+-----------------------+
| Y2 |  0 |  0 |                     - |
| Y1 |  0 |  0 |                     - |
| Y0 |  8 |  0 |                     0 |
+----+----+----+-----------------------+


15. Device Cell Placement Summary for Global Clock g8
-----------------------------------------------------

+-----------+-----------------+-------------------+-------------------------------+-------------+---------------+-------------+----------+----------------+----------+-------------------------------------------------------------+
| Global Id | Driver Type/Pin | Driver Region (D) | Clock                         | Period (ns) | Waveform (ns) | Slice Loads | IO Loads | Clocking Loads | GT Loads | Net                                                         |
+-----------+-----------------+-------------------+-------------------------------+-------------+---------------+-------------+----------+----------------+----------+-------------------------------------------------------------+
| g8        | BUFG/O          | n/a               | clkfbout_mb_block_clk_wiz_1_0 |      10.000 | {0.000 5.000} |           0 |        0 |              1 |        0 | mb_block_i/clk_wiz_1/inst/clkfbout_buf_mb_block_clk_wiz_1_0 |
+-----------+-----------------+-------------------+-------------------------------+-------------+---------------+-------------+----------+----------------+----------+-------------------------------------------------------------+
* Slice Loads column represents load cell count of all cell types other than IO, GT and clock resources
** IO Loads column represents load cell count of IO types
*** Clocking Loads column represents load cell count that are clock resources (global clock buffer, MMCM, PLL, etc)
**** GT Loads column represents load cell count of GT types


+----+----+----+-----------------------+
|    | X0 | X1 | HORIZONTAL PROG DELAY |
+----+----+----+-----------------------+
| Y2 |  1 |  0 |                     0 |
| Y1 |  0 |  0 |                     - |
| Y0 |  0 |  0 |                     - |
+----+----+----+-----------------------+


16. Device Cell Placement Summary for Global Clock g9
-----------------------------------------------------

+-----------+-----------------+-------------------+----------------------+-------------+---------------+-------------+----------+----------------+----------+----------------------------------------------------------------------------+
| Global Id | Driver Type/Pin | Driver Region (D) | Clock                | Period (ns) | Waveform (ns) | Slice Loads | IO Loads | Clocking Loads | GT Loads | Net                                                                        |
+-----------+-----------------+-------------------+----------------------+-------------+---------------+-------------+----------+----------------+----------+----------------------------------------------------------------------------+
| g9        | BUFG/O          | n/a               | clkfbout_clk_wiz_0_2 |      10.000 | {0.000 5.000} |           0 |        0 |              1 |        0 | mb_block_i/hdmi_text_controller_0/inst/clk_wiz/inst/clkfbout_buf_clk_wiz_0 |
+-----------+-----------------+-------------------+----------------------+-------------+---------------+-------------+----------+----------------+----------+----------------------------------------------------------------------------+
* Slice Loads column represents load cell count of all cell types other than IO, GT and clock resources
** IO Loads column represents load cell count of IO types
*** Clocking Loads column represents load cell count that are clock resources (global clock buffer, MMCM, PLL, etc)
**** GT Loads column represents load cell count of GT types


+----+----+----+-----------------------+
|    | X0 | X1 | HORIZONTAL PROG DELAY |
+----+----+----+-----------------------+
| Y2 |  0 |  0 |                     - |
| Y1 |  0 |  0 |                     - |
| Y0 |  1 |  0 |                     0 |
+----+----+----+-----------------------+


17. Device Cell Placement Summary for Global Clock g10
------------------------------------------------------

+-----------+-----------------+-------------------+--------------+-------------+---------------+-------------+----------+----------------+----------+--------------------------------------------------------------------+
| Global Id | Driver Type/Pin | Driver Region (D) | Clock        | Period (ns) | Waveform (ns) | Slice Loads | IO Loads | Clocking Loads | GT Loads | Net                                                                |
+-----------+-----------------+-------------------+--------------+-------------+---------------+-------------+----------+----------------+----------+--------------------------------------------------------------------+
| g10       | BUFH/O          | X1Y0              | pll_clk3_out |       6.000 | {0.000 3.000} |           0 |        0 |              1 |        0 | u_mig_7series_0/u_mig_7series_0_mig/u_ddr3_infrastructure/pll_clk3 |
+-----------+-----------------+-------------------+--------------+-------------+---------------+-------------+----------+----------------+----------+--------------------------------------------------------------------+
* Slice Loads column represents load cell count of all cell types other than IO, GT and clock resources
** IO Loads column represents load cell count of IO types
*** Clocking Loads column represents load cell count that are clock resources (global clock buffer, MMCM, PLL, etc)
**** GT Loads column represents load cell count of GT types


+----+----+--------+-----------------------+
|    | X0 | X1     | HORIZONTAL PROG DELAY |
+----+----+--------+-----------------------+
| Y2 |  0 |      0 |                     - |
| Y1 |  0 |      0 |                     - |
| Y0 |  0 |  (D) 1 |                     0 |
+----+----+--------+-----------------------+


18. Clock Region Cell Placement per Global Clock: Region X0Y0
-------------------------------------------------------------

+-----------+-------+-----------------+------------+-------------+-----------------+------+-------------+------+-----+----+------+-----+---------+----------------------------------------------------------------------------+
| Global Id | Track | Driver Type/Pin | Constraint | Clock Loads | Non-Clock Loads | FF   | Memory LUTs | RAMB | DSP | GT | MMCM | PLL | Hard IP | Net                                                                        |
+-----------+-------+-----------------+------------+-------------+-----------------+------+-------------+------+-----+----+------+-----+---------+----------------------------------------------------------------------------+
| g0        | n/a   | BUFG/O          | None       |          70 |               0 |   70 |           0 |    0 |   0 |  0 |    0 |   0 |       0 | u_mig_7series_0/u_mig_7series_0_mig/u_ddr3_infrastructure/CLK              |
| g1        | n/a   | BUFG/O          | None       |        1590 |               0 | 1560 |          20 |    9 |   0 |  0 |    1 |   0 |       0 | mb_block_i/clk_wiz_1/inst/clk_out1                                         |
| g2        | n/a   | BUFGCTRL/O      | None       |         176 |               0 |  153 |          23 |    0 |   0 |  0 |    0 |   0 |       0 | mb_block_i/mdm_1/U0/No_Dbg_Reg_Access.BUFG_DRCK/Dbg_Clk_0                  |
| g3        | n/a   | BUFG/O          | None       |         153 |               0 |  129 |          16 |    0 |   0 |  0 |    0 |   0 |       0 | mb_block_i/hdmi_text_controller_0/inst/clk_wiz/inst/clk_out1               |
| g5        | n/a   | BUFG/O          | None       |          39 |               1 |   39 |           0 |    0 |   0 |  0 |    0 |   0 |       0 | mb_block_i/mdm_1/U0/Use_E2.BSCAN_I/Dbg_Update_0_BUFG                       |
| g6        | n/a   | BUFG/O          | None       |          19 |               0 |   10 |           0 |    9 |   0 |  0 |    0 |   0 |       0 | mb_block_i/hdmi_text_controller_0/inst/clk_wiz/inst/clk_out3               |
| g7        | n/a   | BUFG/O          | None       |           8 |               0 |    0 |           0 |    0 |   0 |  0 |    0 |   0 |       0 | mb_block_i/hdmi_text_controller_0/inst/clk_wiz/inst/clk_out2               |
| g9        | n/a   | BUFG/O          | None       |           1 |               0 |    0 |           0 |    0 |   0 |  0 |    1 |   0 |       0 | mb_block_i/hdmi_text_controller_0/inst/clk_wiz/inst/clkfbout_buf_clk_wiz_0 |
+-----------+-------+-----------------+------------+-------------+-----------------+------+-------------+------+-----+----+------+-----+---------+----------------------------------------------------------------------------+
* Clock Loads column represents cell count of net connects that connect to a clock pin. Internal cell leaf pins are not considered
** Non-Clock Loads column represents cell count of non-clock pin loads
*** Columns FF, LUTRAM, RAMB through 'Hard IP' represents load cell counts


19. Clock Region Cell Placement per Global Clock: Region X1Y0
-------------------------------------------------------------

+-----------+-------+-----------------+------------+-------------+-----------------+------+-------------+------+-----+----+------+-----+---------+--------------------------------------------------------------------+
| Global Id | Track | Driver Type/Pin | Constraint | Clock Loads | Non-Clock Loads | FF   | Memory LUTs | RAMB | DSP | GT | MMCM | PLL | Hard IP | Net                                                                |
+-----------+-------+-----------------+------------+-------------+-----------------+------+-------------+------+-----+----+------+-----+---------+--------------------------------------------------------------------+
| g0        | n/a   | BUFG/O          | None       |        1955 |               0 | 1913 |          12 |    0 |   0 |  0 |    1 |   0 |       0 | u_mig_7series_0/u_mig_7series_0_mig/u_ddr3_infrastructure/CLK      |
| g1        | n/a   | BUFG/O          | None       |        1080 |               0 |  992 |          65 |   20 |   3 |  0 |    0 |   0 |       0 | mb_block_i/clk_wiz_1/inst/clk_out1                                 |
| g2        | n/a   | BUFGCTRL/O      | None       |          54 |               0 |   54 |           0 |    0 |   0 |  0 |    0 |   0 |       0 | mb_block_i/mdm_1/U0/No_Dbg_Reg_Access.BUFG_DRCK/Dbg_Clk_0          |
| g4        | n/a   | BUFG/O          | None       |          67 |               0 |   66 |           0 |    0 |   0 |  0 |    0 |   0 |       0 | clk_ref_i_IBUF_BUFG                                                |
| g6        | n/a   | BUFG/O          | None       |           4 |               0 |    0 |           0 |    4 |   0 |  0 |    0 |   0 |       0 | mb_block_i/hdmi_text_controller_0/inst/clk_wiz/inst/clk_out3       |
| g10       | n/a   | BUFH/O          | None       |           1 |               0 |    0 |           0 |    0 |   0 |  0 |    1 |   0 |       0 | u_mig_7series_0/u_mig_7series_0_mig/u_ddr3_infrastructure/pll_clk3 |
+-----------+-------+-----------------+------------+-------------+-----------------+------+-------------+------+-----+----+------+-----+---------+--------------------------------------------------------------------+
* Clock Loads column represents cell count of net connects that connect to a clock pin. Internal cell leaf pins are not considered
** Non-Clock Loads column represents cell count of non-clock pin loads
*** Columns FF, LUTRAM, RAMB through 'Hard IP' represents load cell counts


20. Clock Region Cell Placement per Global Clock: Region X0Y1
-------------------------------------------------------------

+-----------+-------+-----------------+------------+-------------+-----------------+-----+-------------+------+-----+----+------+-----+---------+---------------------------------------------------------------+
| Global Id | Track | Driver Type/Pin | Constraint | Clock Loads | Non-Clock Loads | FF  | Memory LUTs | RAMB | DSP | GT | MMCM | PLL | Hard IP | Net                                                           |
+-----------+-------+-----------------+------------+-------------+-----------------+-----+-------------+------+-----+----+------+-----+---------+---------------------------------------------------------------+
| g0        | n/a   | BUFG/O          | None       |         221 |               0 | 221 |           0 |    0 |   0 |  0 |    0 |   0 |       0 | u_mig_7series_0/u_mig_7series_0_mig/u_ddr3_infrastructure/CLK |
| g1        | n/a   | BUFG/O          | None       |           3 |               0 |   2 |           0 |    1 |   0 |  0 |    0 |   0 |       0 | mb_block_i/clk_wiz_1/inst/clk_out1                            |
| g2        | n/a   | BUFGCTRL/O      | None       |           3 |               0 |   3 |           0 |    0 |   0 |  0 |    0 |   0 |       0 | mb_block_i/mdm_1/U0/No_Dbg_Reg_Access.BUFG_DRCK/Dbg_Clk_0     |
| g4        | n/a   | BUFG/O          | None       |          46 |               0 |  45 |           0 |    0 |   0 |  0 |    0 |   0 |       0 | clk_ref_i_IBUF_BUFG                                           |
| g6        | n/a   | BUFG/O          | None       |           5 |               0 |   1 |           0 |    4 |   0 |  0 |    0 |   0 |       0 | mb_block_i/hdmi_text_controller_0/inst/clk_wiz/inst/clk_out3  |
+-----------+-------+-----------------+------------+-------------+-----------------+-----+-------------+------+-----+----+------+-----+---------+---------------------------------------------------------------+
* Clock Loads column represents cell count of net connects that connect to a clock pin. Internal cell leaf pins are not considered
** Non-Clock Loads column represents cell count of non-clock pin loads
*** Columns FF, LUTRAM, RAMB through 'Hard IP' represents load cell counts


21. Clock Region Cell Placement per Global Clock: Region X1Y1
-------------------------------------------------------------

+-----------+-------+-----------------+------------+-------------+-----------------+-----+-------------+------+-----+----+------+-----+---------+---------------------------------------------------------------+
| Global Id | Track | Driver Type/Pin | Constraint | Clock Loads | Non-Clock Loads | FF  | Memory LUTs | RAMB | DSP | GT | MMCM | PLL | Hard IP | Net                                                           |
+-----------+-------+-----------------+------------+-------------+-----------------+-----+-------------+------+-----+----+------+-----+---------+---------------------------------------------------------------+
| g0        | n/a   | BUFG/O          | None       |         945 |               0 | 945 |           0 |    0 |   0 |  0 |    0 |   0 |       0 | u_mig_7series_0/u_mig_7series_0_mig/u_ddr3_infrastructure/CLK |
| g1        | n/a   | BUFG/O          | None       |          15 |               0 |   1 |           0 |   14 |   0 |  0 |    0 |   0 |       0 | mb_block_i/clk_wiz_1/inst/clk_out1                            |
| g4        | n/a   | BUFG/O          | None       |          15 |               0 |  15 |           0 |    0 |   0 |  0 |    0 |   0 |       0 | clk_ref_i_IBUF_BUFG                                           |
+-----------+-------+-----------------+------------+-------------+-----------------+-----+-------------+------+-----+----+------+-----+---------+---------------------------------------------------------------+
* Clock Loads column represents cell count of net connects that connect to a clock pin. Internal cell leaf pins are not considered
** Non-Clock Loads column represents cell count of non-clock pin loads
*** Columns FF, LUTRAM, RAMB through 'Hard IP' represents load cell counts


22. Clock Region Cell Placement per Global Clock: Region X0Y2
-------------------------------------------------------------

+-----------+-------+-----------------+------------+-------------+-----------------+----+-------------+------+-----+----+------+-----+---------+-------------------------------------------------------------+
| Global Id | Track | Driver Type/Pin | Constraint | Clock Loads | Non-Clock Loads | FF | Memory LUTs | RAMB | DSP | GT | MMCM | PLL | Hard IP | Net                                                         |
+-----------+-------+-----------------+------------+-------------+-----------------+----+-------------+------+-----+----+------+-----+---------+-------------------------------------------------------------+
| g4        | n/a   | BUFG/O          | None       |           1 |               0 |  0 |           0 |    0 |   0 |  0 |    1 |   0 |       0 | clk_ref_i_IBUF_BUFG                                         |
| g8        | n/a   | BUFG/O          | None       |           1 |               0 |  0 |           0 |    0 |   0 |  0 |    1 |   0 |       0 | mb_block_i/clk_wiz_1/inst/clkfbout_buf_mb_block_clk_wiz_1_0 |
+-----------+-------+-----------------+------------+-------------+-----------------+----+-------------+------+-----+----+------+-----+---------+-------------------------------------------------------------+
* Clock Loads column represents cell count of net connects that connect to a clock pin. Internal cell leaf pins are not considered
** Non-Clock Loads column represents cell count of non-clock pin loads
*** Columns FF, LUTRAM, RAMB through 'Hard IP' represents load cell counts



# Location of BUFG Primitives 
set_property LOC BUFGCTRL_X0Y0 [get_cells u_mig_7series_0/u_mig_7series_0_mig/u_ddr3_infrastructure/u_bufg_clkdiv0]
set_property LOC BUFGCTRL_X0Y5 [get_cells mb_block_i/mdm_1/U0/Use_E2.BSCAN_I/Dbg_Update_0_BUFG_inst]
set_property LOC BUFGCTRL_X0Y4 [get_cells mb_block_i/mdm_1/U0/No_Dbg_Reg_Access.BUFG_DRCK/Using_FPGA.Native]
set_property LOC BUFGCTRL_X0Y7 [get_cells mb_block_i/hdmi_text_controller_0/inst/clk_wiz/inst/clkf_buf]
set_property LOC BUFGCTRL_X0Y6 [get_cells mb_block_i/hdmi_text_controller_0/inst/clk_wiz/inst/clkout3_buf]
set_property LOC BUFGCTRL_X0Y3 [get_cells mb_block_i/hdmi_text_controller_0/inst/clk_wiz/inst/clkout2_buf]
set_property LOC BUFGCTRL_X0Y1 [get_cells mb_block_i/hdmi_text_controller_0/inst/clk_wiz/inst/clkout1_buf]
set_property LOC BUFGCTRL_X0Y17 [get_cells mb_block_i/clk_wiz_1/inst/clkf_buf]
set_property LOC BUFGCTRL_X0Y16 [get_cells mb_block_i/clk_wiz_1/inst/clkout1_buf]
set_property LOC BUFGCTRL_X0Y2 [get_cells clk_ref_i_IBUF_BUFG_inst]

# Location of BUFH Primitives 
set_property LOC BUFHCE_X1Y0 [get_cells u_mig_7series_0/u_mig_7series_0_mig/u_ddr3_infrastructure/u_bufh_pll_clk3]

# Location of IO Primitives which is load of clock spine

# Location of clock ports
set_property LOC IOB_X0Y26 [get_ports clk_ref_i]
set_property LOC IOB_X1Y75 [get_ports sys_clk_n]
set_property LOC IOB_X1Y76 [get_ports sys_clk_p]

# Clock net "u_mig_7series_0/u_mig_7series_0_mig/u_ddr3_infrastructure/CLK" driven by instance "u_mig_7series_0/u_mig_7series_0_mig/u_ddr3_infrastructure/u_bufg_clkdiv0" located at site "BUFGCTRL_X0Y0"
#startgroup
create_pblock {CLKAG_u_mig_7series_0/u_mig_7series_0_mig/u_ddr3_infrastructure/CLK}
add_cells_to_pblock [get_pblocks  {CLKAG_u_mig_7series_0/u_mig_7series_0_mig/u_ddr3_infrastructure/CLK}] [get_cells -filter { PRIMITIVE_GROUP != I/O && IS_PRIMITIVE==1 && PRIMITIVE_LEVEL !=INTERNAL && NAME!=u_mig_7series_0/u_mig_7series_0_mig/u_ddr3_infrastructure/gen_mmcm.mmcm_i} -of_object [get_pins -filter {DIRECTION==IN} -of_objects [get_nets -hierarchical -filter {PARENT=="u_mig_7series_0/u_mig_7series_0_mig/u_ddr3_infrastructure/CLK"}]]]
resize_pblock [get_pblocks {CLKAG_u_mig_7series_0/u_mig_7series_0_mig/u_ddr3_infrastructure/CLK}] -add {CLOCKREGION_X0Y0:CLOCKREGION_X0Y0 CLOCKREGION_X0Y1:CLOCKREGION_X0Y1 CLOCKREGION_X1Y0:CLOCKREGION_X1Y0 CLOCKREGION_X1Y1:CLOCKREGION_X1Y1}
#endgroup

# Clock net "mb_block_i/mdm_1/U0/Use_E2.BSCAN_I/Dbg_Update_0_BUFG" driven by instance "mb_block_i/mdm_1/U0/Use_E2.BSCAN_I/Dbg_Update_0_BUFG_inst" located at site "BUFGCTRL_X0Y5"
#startgroup
create_pblock {CLKAG_mb_block_i/mdm_1/U0/Use_E2.BSCAN_I/Dbg_Update_0_BUFG}
add_cells_to_pblock [get_pblocks  {CLKAG_mb_block_i/mdm_1/U0/Use_E2.BSCAN_I/Dbg_Update_0_BUFG}] [get_cells -filter { PRIMITIVE_GROUP != I/O && IS_PRIMITIVE==1 && PRIMITIVE_LEVEL !=INTERNAL } -of_object [get_pins -filter {DIRECTION==IN} -of_objects [get_nets -hierarchical -filter {PARENT=="mb_block_i/mdm_1/U0/Use_E2.BSCAN_I/Dbg_Update_0_BUFG"}]]]
resize_pblock [get_pblocks {CLKAG_mb_block_i/mdm_1/U0/Use_E2.BSCAN_I/Dbg_Update_0_BUFG}] -add {CLOCKREGION_X0Y0:CLOCKREGION_X0Y0}
#endgroup

# Clock net "mb_block_i/mdm_1/U0/No_Dbg_Reg_Access.BUFG_DRCK/Dbg_Clk_0" driven by instance "mb_block_i/mdm_1/U0/No_Dbg_Reg_Access.BUFG_DRCK/Using_FPGA.Native" located at site "BUFGCTRL_X0Y4"
#startgroup
create_pblock {CLKAG_mb_block_i/mdm_1/U0/No_Dbg_Reg_Access.BUFG_DRCK/Dbg_Clk_0}
add_cells_to_pblock [get_pblocks  {CLKAG_mb_block_i/mdm_1/U0/No_Dbg_Reg_Access.BUFG_DRCK/Dbg_Clk_0}] [get_cells -filter { PRIMITIVE_GROUP != I/O && IS_PRIMITIVE==1 && PRIMITIVE_LEVEL !=INTERNAL } -of_object [get_pins -filter {DIRECTION==IN} -of_objects [get_nets -hierarchical -filter {PARENT=="mb_block_i/mdm_1/U0/No_Dbg_Reg_Access.BUFG_DRCK/Dbg_Clk_0"}]]]
resize_pblock [get_pblocks {CLKAG_mb_block_i/mdm_1/U0/No_Dbg_Reg_Access.BUFG_DRCK/Dbg_Clk_0}] -add {CLOCKREGION_X0Y0:CLOCKREGION_X0Y0 CLOCKREGION_X0Y1:CLOCKREGION_X0Y1 CLOCKREGION_X1Y0:CLOCKREGION_X1Y0}
#endgroup

# Clock net "mb_block_i/hdmi_text_controller_0/inst/clk_wiz/inst/clk_out3" driven by instance "mb_block_i/hdmi_text_controller_0/inst/clk_wiz/inst/clkout3_buf" located at site "BUFGCTRL_X0Y6"
#startgroup
create_pblock {CLKAG_mb_block_i/hdmi_text_controller_0/inst/clk_wiz/inst/clk_out3}
add_cells_to_pblock [get_pblocks  {CLKAG_mb_block_i/hdmi_text_controller_0/inst/clk_wiz/inst/clk_out3}] [get_cells -filter { PRIMITIVE_GROUP != I/O && IS_PRIMITIVE==1 && PRIMITIVE_LEVEL !=INTERNAL } -of_object [get_pins -filter {DIRECTION==IN} -of_objects [get_nets -hierarchical -filter {PARENT=="mb_block_i/hdmi_text_controller_0/inst/clk_wiz/inst/clk_out3"}]]]
resize_pblock [get_pblocks {CLKAG_mb_block_i/hdmi_text_controller_0/inst/clk_wiz/inst/clk_out3}] -add {CLOCKREGION_X0Y0:CLOCKREGION_X0Y0 CLOCKREGION_X0Y1:CLOCKREGION_X0Y1 CLOCKREGION_X1Y0:CLOCKREGION_X1Y0}
#endgroup

# Clock net "mb_block_i/hdmi_text_controller_0/inst/clk_wiz/inst/clk_out2" driven by instance "mb_block_i/hdmi_text_controller_0/inst/clk_wiz/inst/clkout2_buf" located at site "BUFGCTRL_X0Y3"
#startgroup
create_pblock {CLKAG_mb_block_i/hdmi_text_controller_0/inst/clk_wiz/inst/clk_out2}
add_cells_to_pblock [get_pblocks  {CLKAG_mb_block_i/hdmi_text_controller_0/inst/clk_wiz/inst/clk_out2}] [get_cells -filter { PRIMITIVE_GROUP != I/O && IS_PRIMITIVE==1 && PRIMITIVE_LEVEL !=INTERNAL } -of_object [get_pins -filter {DIRECTION==IN} -of_objects [get_nets -hierarchical -filter {PARENT=="mb_block_i/hdmi_text_controller_0/inst/clk_wiz/inst/clk_out2"}]]]
resize_pblock [get_pblocks {CLKAG_mb_block_i/hdmi_text_controller_0/inst/clk_wiz/inst/clk_out2}] -add {CLOCKREGION_X0Y0:CLOCKREGION_X0Y0}
#endgroup

# Clock net "mb_block_i/hdmi_text_controller_0/inst/clk_wiz/inst/clk_out1" driven by instance "mb_block_i/hdmi_text_controller_0/inst/clk_wiz/inst/clkout1_buf" located at site "BUFGCTRL_X0Y1"
#startgroup
create_pblock {CLKAG_mb_block_i/hdmi_text_controller_0/inst/clk_wiz/inst/clk_out1}
add_cells_to_pblock [get_pblocks  {CLKAG_mb_block_i/hdmi_text_controller_0/inst/clk_wiz/inst/clk_out1}] [get_cells -filter { PRIMITIVE_GROUP != I/O && IS_PRIMITIVE==1 && PRIMITIVE_LEVEL !=INTERNAL } -of_object [get_pins -filter {DIRECTION==IN} -of_objects [get_nets -hierarchical -filter {PARENT=="mb_block_i/hdmi_text_controller_0/inst/clk_wiz/inst/clk_out1"}]]]
resize_pblock [get_pblocks {CLKAG_mb_block_i/hdmi_text_controller_0/inst/clk_wiz/inst/clk_out1}] -add {CLOCKREGION_X0Y0:CLOCKREGION_X0Y0}
#endgroup

# Clock net "mb_block_i/clk_wiz_1/inst/clk_out1" driven by instance "mb_block_i/clk_wiz_1/inst/clkout1_buf" located at site "BUFGCTRL_X0Y16"
#startgroup
create_pblock {CLKAG_mb_block_i/clk_wiz_1/inst/clk_out1}
add_cells_to_pblock [get_pblocks  {CLKAG_mb_block_i/clk_wiz_1/inst/clk_out1}] [get_cells -filter { PRIMITIVE_GROUP != I/O && IS_PRIMITIVE==1 && PRIMITIVE_LEVEL !=INTERNAL && NAME!=mb_block_i/hdmi_text_controller_0/inst/clk_wiz/inst/mmcm_adv_inst} -of_object [get_pins -filter {DIRECTION==IN} -of_objects [get_nets -hierarchical -filter {PARENT=="mb_block_i/clk_wiz_1/inst/clk_out1"}]]]
resize_pblock [get_pblocks {CLKAG_mb_block_i/clk_wiz_1/inst/clk_out1}] -add {CLOCKREGION_X0Y0:CLOCKREGION_X0Y0 CLOCKREGION_X0Y1:CLOCKREGION_X0Y1 CLOCKREGION_X1Y0:CLOCKREGION_X1Y0 CLOCKREGION_X1Y1:CLOCKREGION_X1Y1}
#endgroup

# Clock net "clk_ref_i_IBUF_BUFG" driven by instance "clk_ref_i_IBUF_BUFG_inst" located at site "BUFGCTRL_X0Y2"
#startgroup
create_pblock {CLKAG_clk_ref_i_IBUF_BUFG}
add_cells_to_pblock [get_pblocks  {CLKAG_clk_ref_i_IBUF_BUFG}] [get_cells -filter { PRIMITIVE_GROUP != I/O && IS_PRIMITIVE==1 && PRIMITIVE_LEVEL !=INTERNAL && NAME!=mb_block_i/clk_wiz_1/inst/mmcm_adv_inst} -of_object [get_pins -filter {DIRECTION==IN} -of_objects [get_nets -hierarchical -filter {PARENT=="clk_ref_i_IBUF_BUFG"}]]]
resize_pblock [get_pblocks {CLKAG_clk_ref_i_IBUF_BUFG}] -add {CLOCKREGION_X0Y1:CLOCKREGION_X0Y1 CLOCKREGION_X1Y0:CLOCKREGION_X1Y0 CLOCKREGION_X1Y1:CLOCKREGION_X1Y1}
#endgroup
